<?xml version="1.0" encoding="UTF-8"?>
<!-- Generated by org.testng.reporters.JUnitReportReporter -->
<testsuite hostname="MacBooks-MBP-2" failures="0" tests="1" name="loginTestCases.TC_02_ErrorLock" time="2.481" errors="0" timestamp="2023-08-12T11:41:05 CST" skipped="0">
  <testcase classname="loginTestCases.TC_02_ErrorLock" name="TC_02" time="2.481"/>
</testsuite> <!-- loginTestCases.TC_02_ErrorLock -->
