<?xml version="1.0" encoding="UTF-8"?>
<!-- Generated by org.testng.reporters.JUnitReportReporter -->
<testsuite hostname="MacBooks-MBP-2" failures="0" tests="1" name="loginTestCases.TC_01_Login" time="2.670" errors="0" timestamp="2023-08-12T11:02:31 CST" skipped="0">
  <testcase classname="loginTestCases.TC_01_Login" name="TC_01" time="2.670"/>
</testsuite> <!-- loginTestCases.TC_01_Login -->
