<?xml version="1.0" encoding="UTF-8"?>
<!-- Generated by org.testng.reporters.JUnitReportReporter -->
<testsuite hostname="MacBooks-MBP-2" failures="0" tests="1" name="prueba.NewTest" time="13.564" errors="0" timestamp="2023-08-05T11:11:22 CST" skipped="0">
  <testcase classname="prueba.NewTest" name="f" time="13.564"/>
</testsuite> <!-- prueba.NewTest -->
