<?xml version="1.0" encoding="UTF-8"?>
<!-- Generated by org.testng.reporters.JUnitReportReporter -->
<testsuite hostname="MacBooks-MBP-2" failures="0" tests="1" name="prueba.Ejemplo_Hard_Assertion" time="9.485" errors="0" timestamp="2023-08-12T09:29:10 CST" skipped="0">
  <testcase classname="prueba.Ejemplo_Hard_Assertion" name="Test1" time="9.485"/>
</testsuite> <!-- prueba.Ejemplo_Hard_Assertion -->
