<?xml version="1.0" encoding="UTF-8"?>
<!-- Generated by org.testng.reporters.JUnitReportReporter -->
<testsuite hostname="MacBooks-MacBook-Pro-2.local" failures="0" tests="1" name="prueba.NewTest" time="18.286" errors="0" timestamp="2023-07-26T14:42:07 CST" skipped="0">
  <testcase classname="prueba.NewTest" name="f" time="18.286"/>
</testsuite> <!-- prueba.NewTest -->
